$ kubectl apply -f .
service/helloapp-nbvh-dumpster-svc created
deployment.apps/helloapp-nbvh-dumpster-dep created
service/helloapp-nbvh-echo-svc created
deployment.apps/helloapp-nbvh-echo-dep created
service/helloapp-nbvh-host-svc created
deployment.apps/helloapp-nbvh-host-dep created
service/helloapp-nbvh-nohost-svc created
deployment.apps/helloapp-nbvh-nohost-dep created
ingress.networking.k8s.io/nbvh-ing created
$ curl demo.209.38.243.80
curl: (6) Could not resolve host: demo.209.38.243.80
$ curl demo.209.38.243.80.nip.io
<!DOCTYPE html>
<html>
<head>
<title>Welcome to nginx!</title>
<style>
html { color-scheme: light dark; }
body { width: 35em; margin: 0 auto;
font-family: Tahoma, Verdana, Arial, sans-serif; }
</style>
</head>
<body>
<h1>Welcome to nginx!</h1>
<p>If you see this page, the nginx web server is successfully installed and
working. Further configuration is required.</p>

<p>For online documentation and support please refer to
<a href="http://nginx.org/">nginx.org</a>.<br/>
Commercial support is available at
<a href="http://nginx.com/">nginx.com</a>.</p>

<p><em>Thank you for using nginx.</em></p>
</body>
</html>
$ curl demo.209.38.243.80.nip.io/echo
CLIENT VALUES:
client_address=10.1.216.69
command=GET
real path=/
query=nil
request_version=1.1
request_uri=http://demo.209.38.243.80.nip.io:8080/

SERVER VALUES:
server_version=nginx: 1.10.0 - lua: 10001

HEADERS RECEIVED:
accept=*/*
host=demo.209.38.243.80.nip.io
user-agent=curl/7.87.0
x-forwarded-for=77.79.200.11
x-forwarded-host=demo.209.38.243.80.nip.io
x-forwarded-port=80
x-forwarded-proto=http
x-forwarded-scheme=http
x-real-ip=77.79.200.11
x-request-id=827ae0e49e0758bbb08c2be241405f73
x-scheme=http
BODY:
-no body in request-%                                                                                                                
$ curl demo.209.38.243.80.nip.io/host
<html><body><h1>It works!</h1></body></html>
$ curl bug.209.38.243.80.nip.io/ 
Cześć, 🚢
$ 