$ kubectl get nodes -o wide
NAME         STATUS   ROLES    AGE    VERSION   INTERNAL-IP     EXTERNAL-IP   OS-IMAGE             KERNEL-VERSION      CONTAINER-RUNTIME
workshop-6   Ready    <none>   137m   v1.26.4   209.38.243.80   <none>        Ubuntu 20.04.4 LTS   5.4.0-122-generic   containerd://1.6.15
$ kubectl describe node workshop-6
Name:               workshop-6
Roles:              <none>
Labels:             beta.kubernetes.io/arch=amd64
                    beta.kubernetes.io/os=linux
                    kubernetes.io/arch=amd64
                    kubernetes.io/hostname=workshop-6
                    kubernetes.io/os=linux
                    microk8s.io/cluster=true
                    node.kubernetes.io/microk8s-controlplane=microk8s-controlplane
Annotations:        node.alpha.kubernetes.io/ttl: 0
                    projectcalico.org/IPv4Address: 10.135.0.2/16
                    projectcalico.org/IPv4VXLANTunnelAddr: 10.1.216.64
                    volumes.kubernetes.io/controller-managed-attach-detach: true
CreationTimestamp:  Tue, 16 May 2023 11:54:31 +0200
Taints:             <none>
Unschedulable:      false
Lease:
  HolderIdentity:  workshop-6
  AcquireTime:     <unset>
  RenewTime:       Tue, 16 May 2023 14:15:22 +0200
Conditions:
  Type                 Status  LastHeartbeatTime                 LastTransitionTime                Reason                       Message
  ----                 ------  -----------------                 ------------------                ------                       -------
  NetworkUnavailable   False   Tue, 16 May 2023 11:56:33 +0200   Tue, 16 May 2023 11:56:33 +0200   CalicoIsUp                   Calico is running on this node
  MemoryPressure       False   Tue, 16 May 2023 14:12:27 +0200   Tue, 16 May 2023 11:54:31 +0200   KubeletHasSufficientMemory   kubelet has sufficient memory available
  DiskPressure         False   Tue, 16 May 2023 14:12:27 +0200   Tue, 16 May 2023 11:54:31 +0200   KubeletHasNoDiskPressure     kubelet has no disk pressure
  PIDPressure          False   Tue, 16 May 2023 14:12:27 +0200   Tue, 16 May 2023 11:54:31 +0200   KubeletHasSufficientPID      kubelet has sufficient PID available
  Ready                True    Tue, 16 May 2023 14:12:27 +0200   Tue, 16 May 2023 11:56:25 +0200   KubeletReady                 kubelet is posting ready status. AppArmor enabled
Addresses:
  InternalIP:  209.38.243.80
  Hostname:    workshop-6
Capacity:
  cpu:                2
  ephemeral-storage:  81106868Ki
  hugepages-2Mi:      0
  memory:             4026036Ki
  pods:               110
Allocatable:
  cpu:                2
  ephemeral-storage:  80058292Ki
  hugepages-2Mi:      0
  memory:             3923636Ki
  pods:               110
System Info:
  Machine ID:                 b17c0afcf102f27e4b596bd8646352ca
  System UUID:                4095cb2a-a9fe-4407-a79f-5c91147eb26e
  Boot ID:                    bd7d7220-b463-472b-90b1-058312f20cf7
  Kernel Version:             5.4.0-122-generic
  OS Image:                   Ubuntu 20.04.4 LTS
  Operating System:           linux
  Architecture:               amd64
  Container Runtime Version:  containerd://1.6.15
  Kubelet Version:            v1.26.4
  Kube-Proxy Version:         v1.26.4
Non-terminated Pods:          (10 in total)
  Namespace                   Name                                         CPU Requests  CPU Limits  Memory Requests  Memory Limits  Age
  ---------                   ----                                         ------------  ----------  ---------------  -------------  ---
  kube-system                 calico-node-w8z4q                            250m (12%)    0 (0%)      0 (0%)           0 (0%)         140m
  kube-system                 calico-kube-controllers-79568db7f8-cxrxj     0 (0%)        0 (0%)      0 (0%)           0 (0%)         140m
  kube-system                 coredns-6f5f9b5d74-mnq5c                     100m (5%)     0 (0%)      70Mi (1%)        170Mi (4%)     140m
  kube-system                 hostpath-provisioner-69cd9ff5b8-lrljt        0 (0%)        0 (0%)      0 (0%)           0 (0%)         137m
  ingress                     nginx-ingress-microk8s-controller-5w85d      0 (0%)        0 (0%)      0 (0%)           0 (0%)         137m
  kube-system                 kubernetes-dashboard-dc96f9fc-99cvg          0 (0%)        0 (0%)      0 (0%)           0 (0%)         137m
  kube-system                 dashboard-metrics-scraper-7bc864c59-msmwh    0 (0%)        0 (0%)      0 (0%)           0 (0%)         137m
  kube-system                 metrics-server-6f754f88d-gh5v2               100m (5%)     0 (0%)      200Mi (5%)       0 (0%)         137m
  default                     myapp-pod                                    0 (0%)        0 (0%)      0 (0%)           0 (0%)         43m
  default                     my-python                                    0 (0%)        0 (0%)      0 (0%)           0 (0%)         8m39s
Allocated resources:
  (Total limits may be over 100 percent, i.e., overcommitted.)
  Resource           Requests    Limits
  --------           --------    ------
  cpu                450m (22%)  0 (0%)
  memory             270Mi (7%)  170Mi (4%)
  ephemeral-storage  0 (0%)      0 (0%)
  hugepages-2Mi      0 (0%)      0 (0%)
Events:              <none>
$ 